[3.986s] Invoking command in '/home/balabalu/workspace/WRoverSoftware/src/Teleop/swerve': DEBUGINFOD_URLS=https://debuginfod.ubuntu.com PYTHONPATH=/home/balabalu/workspace/WRoverSoftware/build/swerve/prefix_override:/home/balabalu/workspace/WRoverSoftware/install/swerve/lib/python3.12/site-packages:${PYTHONPATH} /usr/bin/python3 -W ignore:setup.py install is deprecated setup.py egg_info --egg-base ../../../build/swerve build --build-base /home/balabalu/workspace/WRoverSoftware/build/swerve/build install --record /home/balabalu/workspace/WRoverSoftware/build/swerve/install.log --single-version-externally-managed install_data
[4.893s] running egg_info
[4.896s] creating ../../../build/swerve/swerve.egg-info
[5.055s] writing ../../../build/swerve/swerve.egg-info/PKG-INFO
[5.055s] writing dependency_links to ../../../build/swerve/swerve.egg-info/dependency_links.txt
[5.056s] writing entry points to ../../../build/swerve/swerve.egg-info/entry_points.txt
[5.056s] writing requirements to ../../../build/swerve/swerve.egg-info/requires.txt
[5.056s] writing top-level names to ../../../build/swerve/swerve.egg-info/top_level.txt
[5.056s] writing manifest file '../../../build/swerve/swerve.egg-info/SOURCES.txt'
[5.149s] reading manifest file '../../../build/swerve/swerve.egg-info/SOURCES.txt'
[5.149s] adding license file 'LICENSE'
[5.150s] writing manifest file '../../../build/swerve/swerve.egg-info/SOURCES.txt'
[5.150s] running build
[5.150s] running build_py
[5.150s] creating /home/balabalu/workspace/WRoverSoftware/build/swerve/build
[5.150s] creating /home/balabalu/workspace/WRoverSoftware/build/swerve/build/lib
[5.151s] creating /home/balabalu/workspace/WRoverSoftware/build/swerve/build/lib/swerve
[5.152s] copying swerve/__init__.py -> /home/balabalu/workspace/WRoverSoftware/build/swerve/build/lib/swerve
[5.152s] copying swerve/drive_motors.py -> /home/balabalu/workspace/WRoverSoftware/build/swerve/build/lib/swerve
[5.153s] copying swerve/swerve_logic.py -> /home/balabalu/workspace/WRoverSoftware/build/swerve/build/lib/swerve
[5.154s] copying swerve/rotate_motors.py -> /home/balabalu/workspace/WRoverSoftware/build/swerve/build/lib/swerve
[5.154s] running install
[5.184s] running install_lib
[5.230s] creating /home/balabalu/workspace/WRoverSoftware/install/swerve/lib/python3.12/site-packages/swerve
[5.231s] copying /home/balabalu/workspace/WRoverSoftware/build/swerve/build/lib/swerve/__init__.py -> /home/balabalu/workspace/WRoverSoftware/install/swerve/lib/python3.12/site-packages/swerve
[5.231s] copying /home/balabalu/workspace/WRoverSoftware/build/swerve/build/lib/swerve/drive_motors.py -> /home/balabalu/workspace/WRoverSoftware/install/swerve/lib/python3.12/site-packages/swerve
[5.231s] copying /home/balabalu/workspace/WRoverSoftware/build/swerve/build/lib/swerve/swerve_logic.py -> /home/balabalu/workspace/WRoverSoftware/install/swerve/lib/python3.12/site-packages/swerve
[5.231s] copying /home/balabalu/workspace/WRoverSoftware/build/swerve/build/lib/swerve/rotate_motors.py -> /home/balabalu/workspace/WRoverSoftware/install/swerve/lib/python3.12/site-packages/swerve
[5.255s] byte-compiling /home/balabalu/workspace/WRoverSoftware/install/swerve/lib/python3.12/site-packages/swerve/__init__.py to __init__.cpython-312.pyc
[5.259s] byte-compiling /home/balabalu/workspace/WRoverSoftware/install/swerve/lib/python3.12/site-packages/swerve/drive_motors.py to drive_motors.cpython-312.pyc
[5.260s] byte-compiling /home/balabalu/workspace/WRoverSoftware/install/swerve/lib/python3.12/site-packages/swerve/swerve_logic.py to swerve_logic.cpython-312.pyc
[5.260s] byte-compiling /home/balabalu/workspace/WRoverSoftware/install/swerve/lib/python3.12/site-packages/swerve/rotate_motors.py to rotate_motors.cpython-312.pyc
[5.261s] running install_data
[5.261s] creating /home/balabalu/workspace/WRoverSoftware/install/swerve/share/ament_index
[5.261s] creating /home/balabalu/workspace/WRoverSoftware/install/swerve/share/ament_index/resource_index
[5.262s] creating /home/balabalu/workspace/WRoverSoftware/install/swerve/share/ament_index/resource_index/packages
[5.262s] copying resource/swerve -> /home/balabalu/workspace/WRoverSoftware/install/swerve/share/ament_index/resource_index/packages
[5.262s] copying package.xml -> /home/balabalu/workspace/WRoverSoftware/install/swerve/share/swerve
[5.262s] running install_egg_info
[5.352s] Copying ../../../build/swerve/swerve.egg-info to /home/balabalu/workspace/WRoverSoftware/install/swerve/lib/python3.12/site-packages/swerve-0.0.0-py3.12.egg-info
[5.356s] running install_scripts
[5.742s] Traceback (most recent call last):
[5.742s]   File "/usr/lib/python3/dist-packages/pkg_resources/__init__.py", line 2936, in get_entry_map
[5.744s]     ep_map = self._ep_map
[5.745s]              ^^^^^^^^^^^^
[5.745s]   File "/usr/lib/python3/dist-packages/pkg_resources/__init__.py", line 2902, in __getattr__
[5.745s]     raise AttributeError(attr)
[5.745s] AttributeError: _ep_map. Did you mean: '_dep_map'?
[5.745s] 
[5.746s] During handling of the above exception, another exception occurred:
[5.746s] 
[5.746s] Traceback (most recent call last):
[5.746s]   File "/home/balabalu/workspace/WRoverSoftware/src/Teleop/swerve/setup.py", line 5, in <module>
[5.746s]     setup(
[5.746s]   File "/usr/lib/python3/dist-packages/setuptools/__init__.py", line 107, in setup
[5.746s]     return distutils.core.setup(**attrs)
[5.747s]            ^^^^^^^^^^^^^^^^^^^^^^^^^^^^^
[5.747s]   File "/usr/lib/python3/dist-packages/setuptools/_distutils/core.py", line 185, in setup
[5.747s]     return run_commands(dist)
[5.747s]            ^^^^^^^^^^^^^^^^^^
[5.747s]   File "/usr/lib/python3/dist-packages/setuptools/_distutils/core.py", line 201, in run_commands
[5.747s]     dist.run_commands()
[5.747s]   File "/usr/lib/python3/dist-packages/setuptools/_distutils/dist.py", line 969, in run_commands
[5.749s]     self.run_command(cmd)
[5.749s]   File "/usr/lib/python3/dist-packages/setuptools/dist.py", line 1233, in run_command
[5.750s]     super().run_command(command)
[5.750s]   File "/usr/lib/python3/dist-packages/setuptools/_distutils/dist.py", line 988, in run_command
[5.751s]     cmd_obj.run()
[5.751s]   File "/usr/lib/python3/dist-packages/setuptools/command/install.py", line 78, in run
[5.751s]     return orig.install.run(self)
[5.752s]            ^^^^^^^^^^^^^^^^^^^^^^
[5.752s]   File "/usr/lib/python3/dist-packages/setuptools/_distutils/command/install.py", line 708, in run
[5.753s]     self.run_command(cmd_name)
[5.753s]   File "/usr/lib/python3/dist-packages/setuptools/_distutils/cmd.py", line 318, in run_command
[5.754s]     self.distribution.run_command(command)
[5.754s]   File "/usr/lib/python3/dist-packages/setuptools/dist.py", line 1233, in run_command
[5.754s]     super().run_command(command)
[5.755s]   File "/usr/lib/python3/dist-packages/setuptools/_distutils/dist.py", line 988, in run_command
[5.755s]     cmd_obj.run()
[5.755s]   File "/usr/lib/python3/dist-packages/setuptools/command/install_scripts.py", line 25, in run
[5.756s]     self._install_ep_scripts()
[5.756s]   File "/usr/lib/python3/dist-packages/setuptools/command/install_scripts.py", line 49, in _install_ep_scripts
[5.756s]     for args in writer.get_args(dist, cmd.as_header()):
[5.756s]   File "/usr/lib/python3/dist-packages/setuptools/command/easy_install.py", line 2241, in get_args
[5.758s]     for name, ep in dist.get_entry_map(group).items():
[5.758s]                     ^^^^^^^^^^^^^^^^^^^^^^^^^
[5.758s]   File "/usr/lib/python3/dist-packages/pkg_resources/__init__.py", line 2938, in get_entry_map
[5.774s]     ep_map = self._ep_map = EntryPoint.parse_map(
[5.774s]                             ^^^^^^^^^^^^^^^^^^^^^
[5.774s]   File "/usr/lib/python3/dist-packages/pkg_resources/__init__.py", line 2610, in parse_map
[5.777s]     maps[group] = cls.parse_group(group, lines, dist)
[5.777s]                   ^^^^^^^^^^^^^^^^^^^^^^^^^^^^^^^^^^^
[5.786s]   File "/usr/lib/python3/dist-packages/pkg_resources/__init__.py", line 2588, in parse_group
[5.800s]     ep = cls.parse(line, dist)
[5.800s]          ^^^^^^^^^^^^^^^^^^^^^
[5.800s]   File "/usr/lib/python3/dist-packages/pkg_resources/__init__.py", line 2570, in parse
[5.800s]     return cls(res['name'], res['module'], attrs, extras, dist)
[5.801s]            ^^^^^^^^^^^^^^^^^^^^^^^^^^^^^^^^^^^^^^^^^^^^^^^^^^^^
[5.801s]   File "/usr/lib/python3/dist-packages/pkg_resources/__init__.py", line 2487, in __init__
[5.801s]     raise ValueError("Invalid module name", module_name)
[5.801s] ValueError: ('Invalid module name', 'swerve.drive_motors.')
[5.852s] Invoked command in '/home/balabalu/workspace/WRoverSoftware/src/Teleop/swerve' returned '1': DEBUGINFOD_URLS=https://debuginfod.ubuntu.com PYTHONPATH=/home/balabalu/workspace/WRoverSoftware/build/swerve/prefix_override:/home/balabalu/workspace/WRoverSoftware/install/swerve/lib/python3.12/site-packages:${PYTHONPATH} /usr/bin/python3 -W ignore:setup.py install is deprecated setup.py egg_info --egg-base ../../../build/swerve build --build-base /home/balabalu/workspace/WRoverSoftware/build/swerve/build install --record /home/balabalu/workspace/WRoverSoftware/build/swerve/install.log --single-version-externally-managed install_data
